mode: atomic
github.com/jenpaff/golang-microservices/containertests/container-helper.go:12.52,20.25 7 0
github.com/jenpaff/golang-microservices/containertests/container-helper.go:24.2,24.41 1 0
github.com/jenpaff/golang-microservices/containertests/container-helper.go:20.25,22.3 1 0
github.com/jenpaff/golang-microservices/containertests/container-helper.go:27.49,29.16 2 0
github.com/jenpaff/golang-microservices/containertests/container-helper.go:32.2,34.12 3 0
github.com/jenpaff/golang-microservices/containertests/container-helper.go:29.16,31.3 1 0
github.com/jenpaff/golang-microservices/containertests/container-helper.go:37.48,39.16 2 0
github.com/jenpaff/golang-microservices/containertests/container-helper.go:42.2,43.16 2 0
github.com/jenpaff/golang-microservices/containertests/container-helper.go:47.2,47.64 1 0
github.com/jenpaff/golang-microservices/containertests/container-helper.go:39.16,41.3 1 0
github.com/jenpaff/golang-microservices/containertests/container-helper.go:43.16,45.3 1 0
github.com/jenpaff/golang-microservices/containertests/container-helper.go:50.65,51.25 1 0
github.com/jenpaff/golang-microservices/containertests/container-helper.go:51.25,53.3 1 0
github.com/jenpaff/golang-microservices/containertests/container-helper.go:57.65,58.25 1 0
github.com/jenpaff/golang-microservices/containertests/container-helper.go:58.25,60.3 1 0
github.com/jenpaff/golang-microservices/containertests/container-helper.go:64.83,66.16 2 0
github.com/jenpaff/golang-microservices/containertests/container-helper.go:70.2,70.26 1 0
github.com/jenpaff/golang-microservices/containertests/container-helper.go:66.16,68.3 1 0
github.com/jenpaff/golang-microservices/containertests/container-helper.go:73.98,77.16 4 0
github.com/jenpaff/golang-microservices/containertests/container-helper.go:81.2,81.26 1 0
github.com/jenpaff/golang-microservices/containertests/container-helper.go:84.2,84.28 1 0
github.com/jenpaff/golang-microservices/containertests/container-helper.go:77.16,79.3 1 0
github.com/jenpaff/golang-microservices/containertests/container-helper.go:81.26,83.3 1 0
github.com/jenpaff/golang-microservices/containertests/db-helper.go:9.49,12.16 3 0
github.com/jenpaff/golang-microservices/containertests/db-helper.go:18.2,18.16 1 0
github.com/jenpaff/golang-microservices/containertests/db-helper.go:12.16,14.3 1 0
github.com/jenpaff/golang-microservices/containertests/db-helper.go:21.30,23.16 2 0
github.com/jenpaff/golang-microservices/containertests/db-helper.go:27.2,28.16 2 0
github.com/jenpaff/golang-microservices/containertests/db-helper.go:32.2,32.12 1 0
github.com/jenpaff/golang-microservices/containertests/db-helper.go:23.16,25.3 1 0
github.com/jenpaff/golang-microservices/containertests/db-helper.go:28.16,30.3 1 0
github.com/jenpaff/golang-microservices/containertests/golang-service.go:30.85,49.16 5 0
github.com/jenpaff/golang-microservices/containertests/golang-service.go:53.2,56.8 1 0
github.com/jenpaff/golang-microservices/containertests/golang-service.go:49.16,51.3 1 0
github.com/jenpaff/golang-microservices/containertests/golang-service.go:59.41,67.2 5 0
github.com/jenpaff/golang-microservices/containertests/golang-service.go:69.32,76.2 5 0
github.com/jenpaff/golang-microservices/containertests/golang-service.go:78.31,85.2 5 0
github.com/jenpaff/golang-microservices/containertests/golang-service.go:87.82,89.28 2 0
github.com/jenpaff/golang-microservices/containertests/golang-service.go:92.2,95.13 3 0
github.com/jenpaff/golang-microservices/containertests/golang-service.go:89.28,91.3 1 0
github.com/jenpaff/golang-microservices/containertests/golang-service.go:98.99,100.28 2 0
github.com/jenpaff/golang-microservices/containertests/golang-service.go:103.2,105.13 3 0
github.com/jenpaff/golang-microservices/containertests/golang-service.go:100.28,102.3 1 0
github.com/jenpaff/golang-microservices/containertests/golang-service.go:108.98,110.28 2 0
github.com/jenpaff/golang-microservices/containertests/golang-service.go:113.2,115.13 3 0
github.com/jenpaff/golang-microservices/containertests/golang-service.go:110.28,112.3 1 0
