mode: atomic
github.com/jenpaff/golang-microservices/errors/handler.go:10.60,15.2 3 2
github.com/jenpaff/golang-microservices/errors/handler.go:17.72,18.43 1 2
github.com/jenpaff/golang-microservices/errors/handler.go:18.43,20.17 2 2
github.com/jenpaff/golang-microservices/errors/handler.go:20.17,22.19 2 2
github.com/jenpaff/golang-microservices/errors/handler.go:22.19,24.5 1 0
github.com/jenpaff/golang-microservices/errors/http-error.go:24.58,31.2 3 3
github.com/jenpaff/golang-microservices/errors/http-error.go:33.36,35.2 1 1
github.com/jenpaff/golang-microservices/errors/http-error.go:37.74,44.2 2 2
github.com/jenpaff/golang-microservices/errors/http-error.go:46.56,48.48 2 2
github.com/jenpaff/golang-microservices/errors/http-error.go:51.2,51.28 1 1
github.com/jenpaff/golang-microservices/errors/http-error.go:48.48,50.3 1 1
